1505674704366	geckodriver	INFO	geckodriver 0.18.0
1505674704373	geckodriver	INFO	Listening on 127.0.0.1:63711
1505674706458	geckodriver::marionette	INFO	Starting browser C:\Program Files (x86)\Mozilla Firefox\firefox.exe with args ["-marionette"]
[GFX1]: Potential driver version mismatch ignored due to missing DLLs igd10umd32 v= and igd10iumd32.dll v=0.0.0.0
1505674710354	Marionette	INFO	Listening on port 63717
1505674710667	Marionette	WARN	TLS certificate errors will be ignored for this session
1505674721885	Marionette	INFO	New connections will no longer be accepted
1505675360402	geckodriver	INFO	geckodriver 0.18.0
1505675360408	geckodriver	INFO	Listening on 127.0.0.1:64090
1505675362494	geckodriver::marionette	INFO	Starting browser C:\Program Files (x86)\Mozilla Firefox\firefox.exe with args ["-marionette"]
[GFX1]: Potential driver version mismatch ignored due to missing DLLs igd10umd32 v= and igd10iumd32.dll v=0.0.0.0
1505675366425	Marionette	INFO	Listening on port 64096
1505675366708	Marionette	WARN	TLS certificate errors will be ignored for this session
1505675392744	Marionette	INFO	Ceased listening
1507576253055	geckodriver	INFO	geckodriver 0.18.0
1507576253098	geckodriver	INFO	Listening on 127.0.0.1:64299
1507576255361	geckodriver::marionette	INFO	Starting browser C:\Program Files (x86)\Mozilla Firefox\firefox.exe with args ["-marionette"]
1507576323374	geckodriver::marionette	ERROR	Failed to kill browser process
1507576358773	geckodriver	INFO	geckodriver 0.18.0
1507576358779	geckodriver	INFO	Listening on 127.0.0.1:64418
1507576360851	geckodriver::marionette	INFO	Starting browser C:\Program Files (x86)\Mozilla Firefox\firefox.exe with args ["-marionette"]
1507576361203	addons.xpi	WARN	Error parsing extensions state: [Exception... "Component returned failure code: 0x80520012 (NS_ERROR_FILE_NOT_FOUND) [amIAddonManagerStartup.readStartupData]"  nsresult: "0x80520012 (NS_ERROR_FILE_NOT_FOUND)"  location: "JS frame :: resource://gre/modules/addons/XPIProvider.jsm :: loadExtensionState :: line 1596"  data: no] Stack trace: loadExtensionState()@resource://gre/modules/addons/XPIProvider.jsm:1596 < getInstallState()@resource://gre/modules/addons/XPIProvider.jsm:1631 < checkForChanges()@resource://gre/modules/addons/XPIProvider.jsm:3152 < startup()@resource://gre/modules/addons/XPIProvider.jsm:2246 < callProvider()@resource://gre/modules/AddonManager.jsm:271 < _startProvider()@resource://gre/modules/AddonManager.jsm:741 < startup()@resource://gre/modules/AddonManager.jsm:908 < startup()@resource://gre/modules/AddonManager.jsm:3122 < observe()@jar:file:///C:/Program%20Files%20(x86)/Mozilla%20Firefox/omni.ja!/components/addonManager.js:65
1507576362000	Marionette	INFO	Enabled via --marionette
[Child 15108] WARNING: pipe error: 109: file c:/builds/moz2_slave/m-rel-w32-00000000000000000000/build/src/ipc/chromium/src/chrome/common/ipc_channel_win.cc, line 346
1507576365057	Marionette	INFO	Listening on port 64424
1507576365097	Marionette	INFO	Listening on port 64424
1507576366057	addons.productaddons	ERROR	Request failed certificate checks: [Exception... "Certificate checks failed. See previous errors for details."  nsresult: "0x80070057 (NS_ERROR_ILLEGAL_VALUE)"  location: "JS frame :: resource://gre/modules/CertUtils.jsm :: validateCert :: line 113"  data: no]
1507576366087	Marionette	WARN	TLS certificate errors will be ignored for this session
1507576366131	Marionette	DEBUG	loaded listener.js
1507576366151	Marionette	DEBUG	Received DOM event "beforeunload" for "about:blank"
1507576367610	Marionette	DEBUG	Received DOM event "pagehide" for "about:blank"
1507576367610	Marionette	DEBUG	Received DOM event "unload" for "about:blank"
1507576376593	Marionette	DEBUG	Received DOM event "DOMContentLoaded" for "https://app.simplegoods.co/i/IQCZADOY"
1507576377145	Marionette	DEBUG	Received DOM event "DOMContentLoaded" for "https://js.stripe.com/v3/controller-ef16888a9cc8c92b6fb803eb69cc82d4.html#apiKey=pk_live_4MPpQ6Ei9dp8bmERQplZp6zI&stripeJsId=52766644-d488-4224-8492-5d059a135f10&features[noop]=false&origin=https%3A%2F%2Fapp.simplegoods.co&controllerId=__privateStripeController0"
1507576380717	Marionette	DEBUG	Received DOM event "pageshow" for "https://js.stripe.com/v3/controller-ef16888a9cc8c92b6fb803eb69cc82d4.html#apiKey=pk_live_4MPpQ6Ei9dp8bmERQplZp6zI&stripeJsId=52766644-d488-4224-8492-5d059a135f10&features[noop]=false&origin=https%3A%2F%2Fapp.simplegoods.co&controllerId=__privateStripeController0"
1507576385690	Marionette	DEBUG	Received DOM event "DOMContentLoaded" for "https://js.stripe.com/v3/elements-inner-card-4db211e4a2d59aa0bebe16304b8fe56b.html#hidePostalCode=true&style[base][fontFamily]=%22effra%22%2C+sans-serif&style[base][fontSize]=16px&style[base][fontWeight]=400&style[base][padding]=5px+0+20px&style[base][::placeholder][color]=%23999999&componentName=card&wait=false&rtl=false&features[noop]=false&origin=https%3A%2F%2Fapp.simplegoods.co&controllerId=__privateStripeController0"
1507576385691	Marionette	DEBUG	Received DOM event "pageshow" for "https://js.stripe.com/v3/elements-inner-card-4db211e4a2d59aa0bebe16304b8fe56b.html#hidePostalCode=true&style[base][fontFamily]=%22effra%22%2C+sans-serif&style[base][fontSize]=16px&style[base][fontWeight]=400&style[base][padding]=5px+0+20px&style[base][::placeholder][color]=%23999999&componentName=card&wait=false&rtl=false&features[noop]=false&origin=https%3A%2F%2Fapp.simplegoods.co&controllerId=__privateStripeController0"
1507576385698	Marionette	DEBUG	Received DOM event "pageshow" for "https://app.simplegoods.co/i/IQCZADOY"
1507576385780	Marionette	INFO	New connections will no longer be accepted
